<?xml version="1.0" encoding="UTF-8"?>
<testng-results skipped="0" failed="0" total="1" passed="1">
  <reporter-output>
    <line>
      <![CDATA[Title is matchingMy Store]]>
    </line>
    <line>
      <![CDATA[Title is matchingLogin - My Store]]>
    </line>
    <line>
      <![CDATA[Title is matchingMy account - My Store]]>
    </line>
    <line>
      <![CDATA[WebElement is present[[ChromeDriver: chrome on WINDOWS (cb02478f8f93f838c0768e209cb5d12d)] -> xpath: //a[@class='account']]]]>
    </line>
    <line>
      <![CDATA[WebElement is present[[ChromeDriver: chrome on WINDOWS (cb02478f8f93f838c0768e209cb5d12d)] -> xpath: //a[@class='logout']]]]>
    </line>
    <line>
      <![CDATA[Title is matchingLogin - My Store]]>
    </line>
  </reporter-output>
  <suite name="Suite" duration-ms="11569" started-at="2020-11-10T03:46:17Z" finished-at="2020-11-10T03:46:28Z">
    <groups>
    </groups>
    <test name="Test" duration-ms="11569" started-at="2020-11-10T03:46:17Z" finished-at="2020-11-10T03:46:28Z">
      <class name="scripts.TestScripts">
        <test-method status="PASS" signature="precondition()[pri:0, instance:scripts.TestScripts@5e025e70]" name="precondition" is-config="true" duration-ms="6907" started-at="2020-11-09T22:46:17Z" finished-at="2020-11-09T22:46:24Z">
          <reporter-output>
          </reporter-output>
        </test-method> <!-- precondition -->
        <test-method status="PASS" signature="SignIn()[pri:0, instance:scripts.TestScripts@5e025e70]" name="SignIn" duration-ms="4509" started-at="2020-11-09T22:46:24Z" finished-at="2020-11-09T22:46:28Z">
          <reporter-output>
            <line>
              <![CDATA[Title is matchingMy Store]]>
            </line>
            <line>
              <![CDATA[Title is matchingLogin - My Store]]>
            </line>
            <line>
              <![CDATA[Title is matchingMy account - My Store]]>
            </line>
            <line>
              <![CDATA[WebElement is present[[ChromeDriver: chrome on WINDOWS (cb02478f8f93f838c0768e209cb5d12d)] -> xpath: //a[@class='account']]]]>
            </line>
            <line>
              <![CDATA[WebElement is present[[ChromeDriver: chrome on WINDOWS (cb02478f8f93f838c0768e209cb5d12d)] -> xpath: //a[@class='logout']]]]>
            </line>
            <line>
              <![CDATA[Title is matchingLogin - My Store]]>
            </line>
          </reporter-output>
        </test-method> <!-- SignIn -->
        <test-method status="PASS" signature="postcondition()[pri:0, instance:scripts.TestScripts@5e025e70]" name="postcondition" is-config="true" duration-ms="133" started-at="2020-11-09T22:46:28Z" finished-at="2020-11-09T22:46:28Z">
          <reporter-output>
          </reporter-output>
        </test-method> <!-- postcondition -->
      </class> <!-- scripts.TestScripts -->
    </test> <!-- Test -->
  </suite> <!-- Suite -->
</testng-results>
