<?xml version="1.0" encoding="UTF-8"?>
<testsuite xmlns:xsi="http://www.w3.org/2001/XMLSchema-instance" xsi:noNamespaceSchemaLocation="https://maven.apache.org/surefire/maven-surefire-plugin/xsd/surefire-test-report-3.0.xsd" version="3.0" name="TestSuite" time="11.987" tests="1" errors="0" skipped="0" failures="0">
  <properties>
[...]
</properties>
  <testcase name="SignIn" classname="scripts.TestScripts" time="4.578">
    <system-out><![CDATA[Title is matchingMy Store
Title is matchingLogin - My Store
Title is matchingMy account - My Store
WebElement is present[[ChromeDriver: chrome on WINDOWS (54e15854233ddaa81c457f74a025feea)] -> xpath: //a[@class='account']]
WebElement is present[[ChromeDriver: chrome on WINDOWS (54e15854233ddaa81c457f74a025feea)] -> xpath: //a[@class='logout']]
Title is matchingLogin - My Store
]]></system-out>
    <system-err><![CDATA[Starting ChromeDriver 86.0.4240.22 (398b0743353ff36fb1b82468f63a3a93b4e2e89e-refs/branch-heads/4240@{#378}) on port 15663
Only local connections are allowed.
Please see https://chromedriver.chromium.org/security-considerations for suggestions on keeping ChromeDriver safe.
ChromeDriver was started successfully.
Nov 09, 2020 10:47:08 PM org.openqa.selenium.remote.ProtocolHandshake createSession
INFO: Detected dialect: W3C
]]></system-err>
  </testcase>
</testsuite>